build/app/intermediates/manifest_merge_blame_file/debug/manifest-merger-blame-debug-report.txt
1<?xml version="1.0" encoding="utf-8"?>
2<manifest xmlns:android="http://schemas.android.com/apk/res/android"
3    package="com.example.easy"
4    android:versionCode="1"
5    android:versionName="0.1.1" >
6
7    <uses-sdk
8        android:minSdkVersion="16"
9        android:targetSdkVersion="28" />
10    <!--
11         Flutter needs it to communicate with the running application
12         to allow setting breakpoints, to provide hot reload, etc.
13    -->
14    <uses-permission android:name="android.permission.INTERNET" />
14-->src/main/AndroidManifest.xml:51:2-63
14-->src/main/AndroidManifest.xml:51:19-61
15    <uses-permission android:name="android.permission.ACCESS_NETWORK_STATE" />
15-->[com.google.firebase:firebase-iid:20.1.1] AndroidManifest.xml:22:5-79
15-->[com.google.firebase:firebase-iid:20.1.1] AndroidManifest.xml:22:22-76
16    <uses-permission android:name="android.permission.WAKE_LOCK" /> <!-- Required by older versions of Google Play services to create IID tokens -->
16-->[com.google.firebase:firebase-iid:20.1.1] AndroidManifest.xml:24:5-68
16-->[com.google.firebase:firebase-iid:20.1.1] AndroidManifest.xml:24:22-65
17    <uses-permission android:name="com.google.android.c2dm.permission.RECEIVE" />
17-->[com.google.firebase:firebase-iid:20.1.1] AndroidManifest.xml:26:5-82
17-->[com.google.firebase:firebase-iid:20.1.1] AndroidManifest.xml:26:22-79
18    <!--
19 io.flutter.app.FlutterApplication is an android.app.Application that
20         calls FlutterMain.startInitialization(this); in its onCreate method.
21         In most cases you can leave this as-is, but you if you want to provide
22         additional functionality it is fine to subclass or reimplement
23         FlutterApplication and put your custom class here.
24    -->
25    <application
25-->src/main/AndroidManifest.xml:8:5-50:19
26        android:name="io.flutter.app.FlutterApplication"
26-->src/main/AndroidManifest.xml:9:9-57
27        android:appComponentFactory="androidx.core.app.CoreComponentFactory"
27-->[androidx.core:core:1.2.0] AndroidManifest.xml:24:18-86
28        android:debuggable="true"
29        android:icon="@mipmap/ic_launcher"
29-->src/main/AndroidManifest.xml:11:9-43
30        android:label="easy" >
30-->src/main/AndroidManifest.xml:10:9-29
31        <activity
31-->src/main/AndroidManifest.xml:12:9-44:20
32            android:name="com.example.easy.MainActivity"
32-->src/main/AndroidManifest.xml:13:13-41
33            android:configChanges="orientation|keyboardHidden|keyboard|screenSize|smallestScreenSize|locale|layoutDirection|fontScale|screenLayout|density|uiMode"
33-->src/main/AndroidManifest.xml:16:13-163
34            android:hardwareAccelerated="true"
34-->src/main/AndroidManifest.xml:17:13-47
35            android:launchMode="singleTop"
35-->src/main/AndroidManifest.xml:14:13-43
36            android:theme="@style/LaunchTheme"
36-->src/main/AndroidManifest.xml:15:13-47
37            android:windowSoftInputMode="adjustResize" >
37-->src/main/AndroidManifest.xml:18:13-55
38
39            <!--
40                 Specifies an Android theme to apply to this Activity as soon as
41                 the Android process has started. This theme is visible to the user
42                 while the Flutter UI initializes. After that, this theme continues
43                 to determine the Window background behind the Flutter UI.
44            -->
45            <meta-data
45-->src/main/AndroidManifest.xml:23:13-26:17
46                android:name="io.flutter.embedding.android.NormalTheme"
46-->src/main/AndroidManifest.xml:24:15-70
47                android:resource="@style/NormalTheme" />
47-->src/main/AndroidManifest.xml:25:15-52
48            <!--
49                 Displays an Android View that continues showing the launch screen
50                 Drawable until Flutter paints its first frame, then this splash
51                 screen fades out. A splash screen is useful to avoid any visual
52                 gap between the end of Android's launch screen and the painting of
53                 Flutter's first frame.
54            -->
55            <meta-data
55-->src/main/AndroidManifest.xml:32:13-35:17
56                android:name="io.flutter.embedding.android.SplashScreenDrawable"
56-->src/main/AndroidManifest.xml:33:15-79
57                android:resource="@drawable/launch_background" />
57-->src/main/AndroidManifest.xml:34:15-61
58
59            <intent-filter>
59-->src/main/AndroidManifest.xml:36:13-39:29
60                <action android:name="android.intent.action.MAIN" />
60-->src/main/AndroidManifest.xml:37:17-68
60-->src/main/AndroidManifest.xml:37:25-66
61
62                <category android:name="android.intent.category.LAUNCHER" />
62-->src/main/AndroidManifest.xml:38:17-76
62-->src/main/AndroidManifest.xml:38:27-74
63            </intent-filter>
64            <intent-filter>
64-->src/main/AndroidManifest.xml:40:13-43:29
65                <action android:name="FLUTTER_NOTIFICATION_CLICK" />
65-->src/main/AndroidManifest.xml:41:17-69
65-->src/main/AndroidManifest.xml:41:25-66
66
67                <category android:name="android.intent.category.DEFAULT" />
67-->src/main/AndroidManifest.xml:42:17-76
67-->src/main/AndroidManifest.xml:42:27-73
68            </intent-filter>
69        </activity>
70        <!--
71             Don't delete the meta-data below.
72             This is used by the Flutter tool to generate GeneratedPluginRegistrant.java
73        -->
74        <meta-data
74-->src/main/AndroidManifest.xml:47:9-49:33
75            android:name="flutterEmbedding"
75-->src/main/AndroidManifest.xml:48:13-44
76            android:value="2" />
76-->src/main/AndroidManifest.xml:49:13-30
77
78        <service android:name="io.flutter.plugins.firebasemessaging.FlutterFirebaseMessagingService" >
78-->[:firebase_messaging] AndroidManifest.xml:8:9-12:19
78-->[:firebase_messaging] AndroidManifest.xml:8:18-101
79            <intent-filter>
79-->[:firebase_messaging] AndroidManifest.xml:9:13-11:29
80                <action android:name="com.google.firebase.MESSAGING_EVENT" />
80-->[:firebase_messaging] AndroidManifest.xml:10:17-78
80-->[:firebase_messaging] AndroidManifest.xml:10:25-75
81            </intent-filter>
82        </service>
83        <service
83-->[:firebase_messaging] AndroidManifest.xml:13:9-17:19
84            android:name="com.google.firebase.components.ComponentDiscoveryService"
84-->[:firebase_messaging] AndroidManifest.xml:13:18-89
85            android:directBootAware="true"
85-->[com.google.firebase:firebase-common:19.3.0] AndroidManifest.xml:34:13-43
86            android:exported="false" >
86-->[com.google.firebase:firebase-messaging:20.1.2] AndroidManifest.xml:37:13-37
87            <meta-data
87-->[:firebase_messaging] AndroidManifest.xml:14:13-16:85
88                android:name="com.google.firebase.components:io.flutter.plugins.firebasemessaging.FlutterFirebaseAppRegistrar"
88-->[:firebase_messaging] AndroidManifest.xml:15:17-127
89                android:value="com.google.firebase.components.ComponentRegistrar" />
89-->[:firebase_messaging] AndroidManifest.xml:16:17-82
90            <meta-data
90-->[com.google.firebase:firebase-messaging:20.1.2] AndroidManifest.xml:38:13-40:85
91                android:name="com.google.firebase.components:com.google.firebase.messaging.FirebaseMessagingRegistrar"
91-->[com.google.firebase:firebase-messaging:20.1.2] AndroidManifest.xml:39:17-119
92                android:value="com.google.firebase.components.ComponentRegistrar" />
92-->[com.google.firebase:firebase-messaging:20.1.2] AndroidManifest.xml:40:17-82
93            <meta-data
93-->[com.google.firebase:firebase-datatransport:17.0.3] AndroidManifest.xml:28:13-30:85
94                android:name="com.google.firebase.components:com.google.firebase.datatransport.TransportRegistrar"
94-->[com.google.firebase:firebase-datatransport:17.0.3] AndroidManifest.xml:29:17-115
95                android:value="com.google.firebase.components.ComponentRegistrar" />
95-->[com.google.firebase:firebase-datatransport:17.0.3] AndroidManifest.xml:30:17-82
96            <meta-data
96-->[com.google.firebase:firebase-iid:20.1.1] AndroidManifest.xml:32:13-34:85
97                android:name="com.google.firebase.components:com.google.firebase.iid.Registrar"
97-->[com.google.firebase:firebase-iid:20.1.1] AndroidManifest.xml:33:17-96
98                android:value="com.google.firebase.components.ComponentRegistrar" />
98-->[com.google.firebase:firebase-iid:20.1.1] AndroidManifest.xml:34:17-82
99            <meta-data
99-->[com.google.firebase:firebase-installations:16.0.0] AndroidManifest.xml:17:13-19:85
100                android:name="com.google.firebase.components:com.google.firebase.installations.FirebaseInstallationsRegistrar"
100-->[com.google.firebase:firebase-installations:16.0.0] AndroidManifest.xml:18:17-127
101                android:value="com.google.firebase.components.ComponentRegistrar" />
101-->[com.google.firebase:firebase-installations:16.0.0] AndroidManifest.xml:19:17-82
102        </service>
103        <!--
104             FirebaseMessagingService performs security checks at runtime,
105             but set to not exported to explicitly avoid allowing another app to call it.
106        -->
107        <service
107-->[com.google.firebase:firebase-messaging:20.1.2] AndroidManifest.xml:28:9-34:19
108            android:name="com.google.firebase.messaging.FirebaseMessagingService"
108-->[com.google.firebase:firebase-messaging:20.1.2] AndroidManifest.xml:29:13-82
109            android:exported="false" >
109-->[com.google.firebase:firebase-messaging:20.1.2] AndroidManifest.xml:30:13-37
110            <intent-filter android:priority="-500" >
110-->[:firebase_messaging] AndroidManifest.xml:9:13-11:29
111                <action android:name="com.google.firebase.MESSAGING_EVENT" />
111-->[:firebase_messaging] AndroidManifest.xml:10:17-78
111-->[:firebase_messaging] AndroidManifest.xml:10:25-75
112            </intent-filter>
113        </service>
114
115        <receiver
115-->[com.google.firebase:firebase-iid:20.1.1] AndroidManifest.xml:37:9-44:20
116            android:name="com.google.firebase.iid.FirebaseInstanceIdReceiver"
116-->[com.google.firebase:firebase-iid:20.1.1] AndroidManifest.xml:38:13-78
117            android:exported="true"
117-->[com.google.firebase:firebase-iid:20.1.1] AndroidManifest.xml:39:13-36
118            android:permission="com.google.android.c2dm.permission.SEND" >
118-->[com.google.firebase:firebase-iid:20.1.1] AndroidManifest.xml:40:13-73
119            <intent-filter>
119-->[com.google.firebase:firebase-iid:20.1.1] AndroidManifest.xml:41:13-43:29
120                <action android:name="com.google.android.c2dm.intent.RECEIVE" />
120-->[com.google.firebase:firebase-iid:20.1.1] AndroidManifest.xml:42:17-81
120-->[com.google.firebase:firebase-iid:20.1.1] AndroidManifest.xml:42:25-78
121            </intent-filter>
122        </receiver>
123
124        <provider
124-->[com.google.firebase:firebase-common:19.3.0] AndroidManifest.xml:26:9-30:39
125            android:name="com.google.firebase.provider.FirebaseInitProvider"
125-->[com.google.firebase:firebase-common:19.3.0] AndroidManifest.xml:27:13-77
126            android:authorities="com.example.easy.firebaseinitprovider"
126-->[com.google.firebase:firebase-common:19.3.0] AndroidManifest.xml:28:13-72
127            android:exported="false"
127-->[com.google.firebase:firebase-common:19.3.0] AndroidManifest.xml:29:13-37
128            android:initOrder="100" />
128-->[com.google.firebase:firebase-common:19.3.0] AndroidManifest.xml:30:13-36
129
130        <activity
130-->[com.google.android.gms:play-services-base:17.0.0] AndroidManifest.xml:23:9-26:75
131            android:name="com.google.android.gms.common.api.GoogleApiActivity"
131-->[com.google.android.gms:play-services-base:17.0.0] AndroidManifest.xml:24:13-79
132            android:exported="false"
132-->[com.google.android.gms:play-services-base:17.0.0] AndroidManifest.xml:25:13-37
133            android:theme="@android:style/Theme.Translucent.NoTitleBar" />
133-->[com.google.android.gms:play-services-base:17.0.0] AndroidManifest.xml:26:13-72
134
135        <meta-data
135-->[com.google.android.gms:play-services-basement:17.0.0] AndroidManifest.xml:23:9-25:69
136            android:name="com.google.android.gms.version"
136-->[com.google.android.gms:play-services-basement:17.0.0] AndroidManifest.xml:24:13-58
137            android:value="@integer/google_play_services_version" />
137-->[com.google.android.gms:play-services-basement:17.0.0] AndroidManifest.xml:25:13-66
138
139        <service
139-->[com.google.android.datatransport:transport-backend-cct:2.2.0] AndroidManifest.xml:29:9-35:19
140            android:name="com.google.android.datatransport.runtime.backends.TransportBackendDiscovery"
140-->[com.google.android.datatransport:transport-backend-cct:2.2.0] AndroidManifest.xml:30:13-103
141            android:exported="false" >
141-->[com.google.android.datatransport:transport-backend-cct:2.2.0] AndroidManifest.xml:31:13-37
142            <meta-data
142-->[com.google.android.datatransport:transport-backend-cct:2.2.0] AndroidManifest.xml:32:13-34:39
143                android:name="backend:com.google.android.datatransport.cct.CctBackendFactory"
143-->[com.google.android.datatransport:transport-backend-cct:2.2.0] AndroidManifest.xml:33:17-94
144                android:value="cct" />
144-->[com.google.android.datatransport:transport-backend-cct:2.2.0] AndroidManifest.xml:34:17-36
145        </service>
146        <service
146-->[com.google.android.datatransport:transport-runtime:2.2.0] AndroidManifest.xml:26:9-30:19
147            android:name="com.google.android.datatransport.runtime.scheduling.jobscheduling.JobInfoSchedulerService"
147-->[com.google.android.datatransport:transport-runtime:2.2.0] AndroidManifest.xml:27:13-117
148            android:exported="false"
148-->[com.google.android.datatransport:transport-runtime:2.2.0] AndroidManifest.xml:28:13-37
149            android:permission="android.permission.BIND_JOB_SERVICE" >
149-->[com.google.android.datatransport:transport-runtime:2.2.0] AndroidManifest.xml:29:13-69
150        </service>
151
152        <receiver
152-->[com.google.android.datatransport:transport-runtime:2.2.0] AndroidManifest.xml:32:9-34:40
153            android:name="com.google.android.datatransport.runtime.scheduling.jobscheduling.AlarmManagerSchedulerBroadcastReceiver"
153-->[com.google.android.datatransport:transport-runtime:2.2.0] AndroidManifest.xml:33:13-132
154            android:exported="false" />
154-->[com.google.android.datatransport:transport-runtime:2.2.0] AndroidManifest.xml:34:13-37
155    </application>
156
157</manifest>